2018-06-03 13:48:14.040  INFO 7416 --- [http-nio-8080-exec-1] o.a.c.c.C.[.[.[/]                        : Initializing Spring FrameworkServlet 'dispatcherServlet'
2018-06-03 13:48:14.041  INFO 7416 --- [http-nio-8080-exec-1] o.s.w.s.DispatcherServlet                : FrameworkServlet 'dispatcherServlet': initialization started
2018-06-03 13:48:14.059  INFO 7416 --- [http-nio-8080-exec-1] o.s.w.s.DispatcherServlet                : FrameworkServlet 'dispatcherServlet': initialization completed in 18 ms
2018-06-03 13:48:14.135  INFO 7416 --- [http-nio-8080-exec-1] o.h.h.i.QueryTranslatorFactoryInitiator  : HHH000397: Using ASTQueryTranslatorFactory
2018-06-03 13:50:23.814  INFO 9320 --- [main] c.c.a.e.AcmeEshopApplication             : Starting AcmeEshopApplication on DESKTOP-PVJ7KM9 with PID 9320 (C:\Users\lazaros\Desktop\sping.codehub\acme-eshop-Company\target\classes started by lazaros in C:\Users\lazaros\Desktop\sping.codehub\acme-eshop-Company)
2018-06-03 13:50:23.825  INFO 9320 --- [main] c.c.a.e.AcmeEshopApplication             : No active profile set, falling back to default profiles: default
2018-06-03 13:50:23.968  INFO 9320 --- [main] ConfigServletWebServerApplicationContext : Refreshing org.springframework.boot.web.servlet.context.AnnotationConfigServletWebServerApplicationContext@f79e: startup date [Sun Jun 03 13:50:23 EEST 2018]; root of context hierarchy
2018-06-03 13:50:25.941  INFO 9320 --- [main] trationDelegate$BeanPostProcessorChecker : Bean 'org.springframework.transaction.annotation.ProxyTransactionManagementConfiguration' of type [org.springframework.transaction.annotation.ProxyTransactionManagementConfiguration$$EnhancerBySpringCGLIB$$f93b0f46] is not eligible for getting processed by all BeanPostProcessors (for example: not eligible for auto-proxying)
2018-06-03 13:50:26.274  INFO 9320 --- [main] o.s.b.w.e.t.TomcatWebServer              : Tomcat initialized with port(s): 8080 (http)
2018-06-03 13:50:26.305  INFO 9320 --- [main] o.a.c.c.StandardService                  : Starting service [Tomcat]
2018-06-03 13:50:26.305  INFO 9320 --- [main] o.a.c.c.StandardEngine                   : Starting Servlet Engine: Apache Tomcat/8.5.31
2018-06-03 13:50:26.305  INFO 9320 --- [localhost-startStop-1] o.a.c.c.AprLifecycleListener             : The APR based Apache Tomcat Native library which allows optimal performance in production environments was not found on the java.library.path: [C:\Program Files\Java\jdk1.8.0_161\bin;C:\WINDOWS\Sun\Java\bin;C:\WINDOWS\system32;C:\WINDOWS;C:\Program Files (x86)\Common Files\Oracle\Java\javapath;C:\ProgramData\Oracle\Java\javapath;C:\WINDOWS\system32;C:\WINDOWS;C:\WINDOWS\System32\Wbem;C:\WINDOWS\System32\WindowsPowerShell\v1.0\;C:\Program Files\Java\jdk1.8.0_161;C:\Maven\3.5.3\bin;C:\Program Files\Git\cmd;C:\Program Files\Java\jdk1.8.0_161\bin;;C:\WINDOWS\System32\OpenSSH\;C:\Program Files\nodejs\;C:\Users\lazaros\AppData\Local\Microsoft\WindowsApps;C:\Program Files\Java\jdk1.8.0_161\bin;C:\apache-maven-3.5.3;C:\Users\lazaros\AppData\Roaming\npm;.]
2018-06-03 13:50:26.419  INFO 9320 --- [localhost-startStop-1] o.a.c.c.C.[.[.[/]                        : Initializing Spring embedded WebApplicationContext
2018-06-03 13:50:26.419  INFO 9320 --- [localhost-startStop-1] o.s.w.c.ContextLoader                    : Root WebApplicationContext: initialization completed in 2451 ms
2018-06-03 13:50:26.606  INFO 9320 --- [localhost-startStop-1] o.s.b.w.s.ServletRegistrationBean        : Servlet dispatcherServlet mapped to [/]
2018-06-03 13:50:26.606  INFO 9320 --- [localhost-startStop-1] o.s.b.w.s.ServletRegistrationBean        : Servlet webServlet mapped to [/h2-console/*]
2018-06-03 13:50:26.606  INFO 9320 --- [localhost-startStop-1] o.s.b.w.s.FilterRegistrationBean         : Mapping filter: 'characterEncodingFilter' to: [/*]
2018-06-03 13:50:26.606  INFO 9320 --- [localhost-startStop-1] o.s.b.w.s.FilterRegistrationBean         : Mapping filter: 'hiddenHttpMethodFilter' to: [/*]
2018-06-03 13:50:26.606  INFO 9320 --- [localhost-startStop-1] o.s.b.w.s.FilterRegistrationBean         : Mapping filter: 'httpPutFormContentFilter' to: [/*]
2018-06-03 13:50:26.606  INFO 9320 --- [localhost-startStop-1] o.s.b.w.s.FilterRegistrationBean         : Mapping filter: 'requestContextFilter' to: [/*]
2018-06-03 13:50:26.795  INFO 9320 --- [main] c.z.h.HikariDataSource                   : HikariPool-1 - Starting...
2018-06-03 13:50:27.045  INFO 9320 --- [main] c.z.h.HikariDataSource                   : HikariPool-1 - Start completed.
2018-06-03 13:50:27.108  INFO 9320 --- [main] j.LocalContainerEntityManagerFactoryBean : Building JPA container EntityManagerFactory for persistence unit 'default'
2018-06-03 13:50:27.123  INFO 9320 --- [main] o.h.j.i.u.LogHelper                      : HHH000204: Processing PersistenceUnitInfo [
	name: default
	...]
2018-06-03 13:50:27.201  INFO 9320 --- [main] o.h.Version                              : HHH000412: Hibernate Core {5.2.17.Final}
2018-06-03 13:50:27.201  INFO 9320 --- [main] o.h.c.Environment                        : HHH000206: hibernate.properties not found
2018-06-03 13:50:27.248  INFO 9320 --- [main] o.h.a.c.Version                          : HCANN000001: Hibernate Commons Annotations {5.0.1.Final}
2018-06-03 13:50:27.404  INFO 9320 --- [main] o.h.d.Dialect                            : HHH000400: Using dialect: org.hibernate.dialect.H2Dialect
2018-06-03 13:50:28.153  INFO 9320 --- [main] o.h.t.s.i.SchemaCreatorImpl              : HHH000476: Executing import script 'org.hibernate.tool.schema.internal.exec.ScriptSourceInputNonExistentImpl@1a07bf6'
2018-06-03 13:50:28.153  INFO 9320 --- [main] j.LocalContainerEntityManagerFactoryBean : Initialized JPA EntityManagerFactory for persistence unit 'default'
2018-06-03 13:50:28.238  INFO 9320 --- [main] o.s.j.d.i.ScriptUtils                    : Executing SQL script from URL [file:/C:/Users/lazaros/Desktop/sping.codehub/acme-eshop-Company/target/classes/data.sql]
2018-06-03 13:50:28.269  INFO 9320 --- [main] o.s.j.d.i.ScriptUtils                    : Executed SQL script from URL [file:/C:/Users/lazaros/Desktop/sping.codehub/acme-eshop-Company/target/classes/data.sql] in 31 ms.
2018-06-03 13:50:28.896  INFO 9320 --- [main] o.s.w.s.h.SimpleUrlHandlerMapping        : Mapped URL path [/**/favicon.ico] onto handler of type [class org.springframework.web.servlet.resource.ResourceHttpRequestHandler]
2018-06-03 13:50:29.201  INFO 9320 --- [main] s.w.s.m.m.a.RequestMappingHandlerAdapter : Looking for @ControllerAdvice: org.springframework.boot.web.servlet.context.AnnotationConfigServletWebServerApplicationContext@f79e: startup date [Sun Jun 03 13:50:23 EEST 2018]; root of context hierarchy
2018-06-03 13:50:29.248  WARN 9320 --- [main] aWebConfiguration$JpaWebMvcConfiguration : spring.jpa.open-in-view is enabled by default. Therefore, database queries may be performed during view rendering. Explicitly configure spring.jpa.open-in-view to disable this warning
2018-06-03 13:50:29.279  INFO 9320 --- [main] s.w.s.m.m.a.RequestMappingHandlerMapping : Mapped "{[/categories/{categoryName}],methods=[GET]}" onto public com.codehub.acme.eshop.domain.Category com.codehub.acme.eshop.Controller.CategoryController.findByName(java.lang.String)
2018-06-03 13:50:29.279  INFO 9320 --- [main] s.w.s.m.m.a.RequestMappingHandlerMapping : Mapped "{[/categories/{categoryId}],methods=[DELETE]}" onto public void com.codehub.acme.eshop.Controller.CategoryController.deleteCategorybyId(java.lang.Long)
2018-06-03 13:50:29.279  INFO 9320 --- [main] s.w.s.m.m.a.RequestMappingHandlerMapping : Mapped "{[/categories/{categoryName}],methods=[DELETE]}" onto public void com.codehub.acme.eshop.Controller.CategoryController.deleteCategory(java.lang.String)
2018-06-03 13:50:29.279  INFO 9320 --- [main] s.w.s.m.m.a.RequestMappingHandlerMapping : Mapped "{[/categories],methods=[GET]}" onto public java.util.List<com.codehub.acme.eshop.domain.Category> com.codehub.acme.eshop.Controller.CategoryController.categoryList()
2018-06-03 13:50:29.279  INFO 9320 --- [main] s.w.s.m.m.a.RequestMappingHandlerMapping : Mapped "{[/categories/{categoryId}],methods=[GET]}" onto public com.codehub.acme.eshop.domain.Category com.codehub.acme.eshop.Controller.CategoryController.getCategoryById(java.lang.Long)
2018-06-03 13:50:29.279  INFO 9320 --- [main] s.w.s.m.m.a.RequestMappingHandlerMapping : Mapped "{[/categories],methods=[POST]}" onto public void com.codehub.acme.eshop.Controller.CategoryController.addCategory(com.codehub.acme.eshop.domain.Category)
2018-06-03 13:50:29.279  INFO 9320 --- [main] s.w.s.m.m.a.RequestMappingHandlerMapping : Mapped "{[/orders],methods=[GET]}" onto public org.springframework.http.ResponseEntity<java.util.List<com.codehub.acme.eshop.domain.UserOrder>> com.codehub.acme.eshop.Controller.OrderController.userOrderList()
2018-06-03 13:50:29.279  INFO 9320 --- [main] s.w.s.m.m.a.RequestMappingHandlerMapping : Mapped "{[/orders/{orderId}],methods=[DELETE]}" onto public void com.codehub.acme.eshop.Controller.OrderController.deleteOrderById(java.lang.Long)
2018-06-03 13:50:29.294  INFO 9320 --- [main] s.w.s.m.m.a.RequestMappingHandlerMapping : Mapped "{[/products/{categoryId}],methods=[GET]}" onto public java.util.List<com.codehub.acme.eshop.domain.Product> com.codehub.acme.eshop.Controller.ProductController.findProductsByCategoryId(java.lang.Long)
2018-06-03 13:50:29.294  INFO 9320 --- [main] s.w.s.m.m.a.RequestMappingHandlerMapping : Mapped "{[/products/productsOutOfStock],methods=[GET]}" onto public java.util.List<com.codehub.acme.eshop.domain.Product> com.codehub.acme.eshop.Controller.ProductController.productsOutOfStock()
2018-06-03 13:50:29.294  INFO 9320 --- [main] s.w.s.m.m.a.RequestMappingHandlerMapping : Mapped "{[/products/{productId}],methods=[DELETE]}" onto public void com.codehub.acme.eshop.Controller.ProductController.deleteProduct(java.lang.Long)
2018-06-03 13:50:29.294  INFO 9320 --- [main] s.w.s.m.m.a.RequestMappingHandlerMapping : Mapped "{[/products],methods=[POST]}" onto public com.codehub.acme.eshop.domain.Product com.codehub.acme.eshop.Controller.ProductController.addProduct(com.codehub.acme.eshop.domain.Product)
2018-06-03 13:50:29.294  INFO 9320 --- [main] s.w.s.m.m.a.RequestMappingHandlerMapping : Mapped "{[/shoppingBasket/addProducts],methods=[POST]}" onto public com.codehub.acme.eshop.transformation.ShoppingBasketDto com.codehub.acme.eshop.Controller.ShoppingBasketController.addProductsToShoppingBasket(java.util.List<com.codehub.acme.eshop.domain.Product>,java.lang.String)
2018-06-03 13:50:29.294  INFO 9320 --- [main] s.w.s.m.m.a.RequestMappingHandlerMapping : Mapped "{[/shoppingBasket/{shoppingBasketId}/updateProducts],methods=[PUT]}" onto public com.codehub.acme.eshop.transformation.ShoppingBasketDto com.codehub.acme.eshop.Controller.ShoppingBasketController.updateProductQuantities(java.lang.Long,java.util.List<com.codehub.acme.eshop.domain.ProductItem>,java.lang.String)
2018-06-03 13:50:29.294  INFO 9320 --- [main] s.w.s.m.m.a.RequestMappingHandlerMapping : Mapped "{[/shoppingBasket/users/{userId}],methods=[GET]}" onto public com.codehub.acme.eshop.transformation.ShoppingBasketDto com.codehub.acme.eshop.Controller.ShoppingBasketController.getShoppingBasketByUserId(java.lang.Long,java.lang.String)
2018-06-03 13:50:29.294  INFO 9320 --- [main] s.w.s.m.m.a.RequestMappingHandlerMapping : Mapped "{[/shoppingBasket/{shoppingBasketId}/removeProduct/{productItemId}],methods=[DELETE]}" onto public com.codehub.acme.eshop.transformation.ShoppingBasketDto com.codehub.acme.eshop.Controller.ShoppingBasketController.removeProduct(java.lang.Long,java.lang.Long,java.lang.String)
2018-06-03 13:50:29.294  INFO 9320 --- [main] s.w.s.m.m.a.RequestMappingHandlerMapping : Mapped "{[/users/{userId}],methods=[GET]}" onto public com.codehub.acme.eshop.domain.User com.codehub.acme.eshop.Controller.UserController.findById(java.lang.Long)
2018-06-03 13:50:29.294  INFO 9320 --- [main] s.w.s.m.m.a.RequestMappingHandlerMapping : Mapped "{[/users],methods=[GET]}" onto public org.springframework.http.ResponseEntity<java.util.List<com.codehub.acme.eshop.domain.User>> com.codehub.acme.eshop.Controller.UserController.getAllUsers()
2018-06-03 13:50:29.294  INFO 9320 --- [main] s.w.s.m.m.a.RequestMappingHandlerMapping : Mapped "{[/users],methods=[POST]}" onto public org.springframework.http.ResponseEntity<com.codehub.acme.eshop.transformation.UserDto> com.codehub.acme.eshop.Controller.UserController.addUser(com.codehub.acme.eshop.domain.User)
2018-06-03 13:50:29.310  INFO 9320 --- [main] s.w.s.m.m.a.RequestMappingHandlerMapping : Mapped "{[/users/remove/{userName}],methods=[DELETE]}" onto public org.springframework.http.ResponseEntity com.codehub.acme.eshop.Controller.UserController.deleteUserName(java.lang.String,java.lang.String)
2018-06-03 13:50:29.310  INFO 9320 --- [main] s.w.s.m.m.a.RequestMappingHandlerMapping : Mapped "{[/users/{userId}],methods=[DELETE]}" onto public void com.codehub.acme.eshop.Controller.UserController.deleteUserById(java.lang.Long,java.lang.String)
2018-06-03 13:50:29.310  INFO 9320 --- [main] s.w.s.m.m.a.RequestMappingHandlerMapping : Mapped "{[/users/login],methods=[POST]}" onto public org.springframework.http.ResponseEntity<com.codehub.acme.eshop.domain.User> com.codehub.acme.eshop.Controller.UserController.login(com.codehub.acme.eshop.domain.UserLogin)
2018-06-03 13:50:29.310  INFO 9320 --- [main] s.w.s.m.m.a.RequestMappingHandlerMapping : Mapped "{[/error]}" onto public org.springframework.http.ResponseEntity<java.util.Map<java.lang.String, java.lang.Object>> org.springframework.boot.autoconfigure.web.servlet.error.BasicErrorController.error(javax.servlet.http.HttpServletRequest)
2018-06-03 13:50:29.310  INFO 9320 --- [main] s.w.s.m.m.a.RequestMappingHandlerMapping : Mapped "{[/error],produces=[text/html]}" onto public org.springframework.web.servlet.ModelAndView org.springframework.boot.autoconfigure.web.servlet.error.BasicErrorController.errorHtml(javax.servlet.http.HttpServletRequest,javax.servlet.http.HttpServletResponse)
2018-06-03 13:50:29.341  INFO 9320 --- [main] o.s.w.s.h.SimpleUrlHandlerMapping        : Mapped URL path [/webjars/**] onto handler of type [class org.springframework.web.servlet.resource.ResourceHttpRequestHandler]
2018-06-03 13:50:29.341  INFO 9320 --- [main] o.s.w.s.h.SimpleUrlHandlerMapping        : Mapped URL path [/**] onto handler of type [class org.springframework.web.servlet.resource.ResourceHttpRequestHandler]
2018-06-03 13:50:29.357  INFO 9320 --- [main] .m.m.a.ExceptionHandlerExceptionResolver : Detected @ExceptionHandler methods in adviceController
2018-06-03 13:50:29.659  INFO 9320 --- [main] o.s.j.e.a.AnnotationMBeanExporter        : Registering beans for JMX exposure on startup
2018-06-03 13:50:29.659  INFO 9320 --- [main] o.s.j.e.a.AnnotationMBeanExporter        : Bean with name 'dataSource' has been autodetected for JMX exposure
2018-06-03 13:50:29.674  INFO 9320 --- [main] o.s.j.e.a.AnnotationMBeanExporter        : Located MBean 'dataSource': registering with JMX server as MBean [com.zaxxer.hikari:name=dataSource,type=HikariDataSource]
2018-06-03 13:50:29.706  INFO 9320 --- [main] o.s.b.w.e.t.TomcatWebServer              : Tomcat started on port(s): 8080 (http) with context path ''
2018-06-03 13:50:29.721  INFO 9320 --- [main] c.c.a.e.AcmeEshopApplication             : Started AcmeEshopApplication in 6.704 seconds (JVM running for 8.317)
